[0223/102701:ERROR:process_info.cc(608)] range at 0xff167000, size 0x230 fully unreadable
[0223/102701:ERROR:process_reader_win.cc(232)] ReadMemory at 0x74f28cc4 of 28 bytes failed: 仅完成部分的 ReadProcessMemory 或 WriteProcessMemory 请求。 (0x12B)
[0223/102701:WARNING:pe_image_reader.cc(134)] could not read data directory from C:\Windows\SYSTEM32\DEVOBJ.dll
[0223/102701:ERROR:process_reader_win.cc(232)] ReadMemory at 0x74f30000 of 64 bytes failed: 仅完成部分的 ReadProcessMemory 或 WriteProcessMemory 请求。 (0x12B)
[0223/102701:WARNING:pe_image_reader.cc(280)] could not read dos header from C:\Windows\SYSTEM32\WINMMBASE.dll
[0223/102701:ERROR:process_reader_win.cc(232)] ReadMemory at 0x75e10000 of 64 bytes failed: 仅完成部分的 ReadProcessMemory 或 WriteProcessMemory 请求。 (0x12B)
[0223/102701:WARNING:pe_image_reader.cc(280)] could not read dos header from C:\Windows\SYSTEM32\GDI32.dll
[0223/102701:ERROR:process_reader_win.cc(232)] ReadMemory at 0x761a0000 of 64 bytes failed: 仅完成部分的 ReadProcessMemory 或 WriteProcessMemory 请求。 (0x12B)
[0223/102701:WARNING:pe_image_reader.cc(280)] could not read dos header from C:\Windows\SYSTEM32\USER32.dll
[0223/102701:ERROR:process_reader_win.cc(232)] ReadMemory at 0x75c70000 of 64 bytes failed: 仅完成部分的 ReadProcessMemory 或 WriteProcessMemory 请求。 (0x12B)
[0223/102701:WARNING:pe_image_reader.cc(280)] could not read dos header from C:\Windows\SYSTEM32\MSCTF.dll
[0223/102701:ERROR:process_reader_win.cc(232)] ReadMemory at 0x76130000 of 64 bytes failed: 仅完成部分的 ReadProcessMemory 或 WriteProcessMemory 请求。 (0x12B)
[0223/102701:WARNING:pe_image_reader.cc(280)] could not read dos header from C:\Windows\system32\IMM32.DLL
[0223/102701:ERROR:process_reader_win.cc(232)] ReadMemory at 0x74f50000 of 64 bytes failed: 仅完成部分的 ReadProcessMemory 或 WriteProcessMemory 请求。 (0x12B)
[0223/102701:WARNING:pe_image_reader.cc(280)] could not read dos header from C:\Windows\SYSTEM32\WINMM.dll
[0223/102701:ERROR:process_reader_win.cc(232)] ReadMemory at 0x753e0000 of 64 bytes failed: 仅完成部分的 ReadProcessMemory 或 WriteProcessMemory 请求。 (0x12B)
[0223/102701:WARNING:pe_image_reader.cc(280)] could not read dos header from C:\Windows\SYSTEM32\profapi.dll
[0223/102701:ERROR:process_reader_win.cc(232)] ReadMemory at 0x753f0000 of 64 bytes failed: 仅完成部分的 ReadProcessMemory 或 WriteProcessMemory 请求。 (0x12B)
[0223/102701:WARNING:pe_image_reader.cc(280)] could not read dos header from C:\Windows\SYSTEM32\USERENV.dll
[0223/102701:ERROR:process_reader_win.cc(232)] ReadMemory at 0x75410000 of 64 bytes failed: 仅完成部分的 ReadProcessMemory 或 WriteProcessMemory 请求。 (0x12B)
[0223/102701:WARNING:pe_image_reader.cc(280)] could not read dos header from C:\Windows\SYSTEM32\WTSAPI32.dll
[0223/102701:ERROR:process_reader_win.cc(232)] ReadMemory at 0x75a30000 of 64 bytes failed: 仅完成部分的 ReadProcessMemory 或 WriteProcessMemory 请求。 (0x12B)
[0223/102701:WARNING:pe_image_reader.cc(280)] could not read dos header from C:\Windows\SYSTEM32\combase.dll
[0223/102701:ERROR:process_reader_win.cc(232)] ReadMemory at 0x74260000 of 64 bytes failed: 仅完成部分的 ReadProcessMemory 或 WriteProcessMemory 请求。 (0x12B)
[0223/102701:WARNING:pe_image_reader.cc(280)] could not read dos header from C:\Windows\SYSTEM32\WINHTTP.dll
[0223/102701:ERROR:process_reader_win.cc(232)] ReadMemory at 0x75f30000 of 64 bytes failed: 仅完成部分的 ReadProcessMemory 或 WriteProcessMemory 请求。 (0x12B)
[0223/102701:WARNING:pe_image_reader.cc(280)] could not read dos header from C:\Windows\SYSTEM32\SHLWAPI.dll
[0223/102701:ERROR:process_reader_win.cc(232)] ReadMemory at 0x764d0000 of 64 bytes failed: 仅完成部分的 ReadProcessMemory 或 WriteProcessMemory 请求。 (0x12B)
[0223/102701:WARNING:pe_image_reader.cc(280)] could not read dos header from C:\Windows\SYSTEM32\SHELL32.dll
[0223/102701:ERROR:process_reader_win.cc(232)] ReadMemory at 0x77790000 of 64 bytes failed: 仅完成部分的 ReadProcessMemory 或 WriteProcessMemory 请求。 (0x12B)
[0223/102701:WARNING:pe_image_reader.cc(280)] could not read dos header from C:\Windows\SYSTEM32\ole32.dll
[0223/102701:ERROR:process_reader_win.cc(232)] ReadMemory at 0x76070000 of 64 bytes failed: 仅完成部分的 ReadProcessMemory 或 WriteProcessMemory 请求。 (0x12B)
[0223/102701:WARNING:pe_image_reader.cc(280)] could not read dos header from C:\Windows\SYSTEM32\OLEAUT32.dll
[0223/102701:ERROR:process_reader_win.cc(232)] ReadMemory at 0x76060000 of 64 bytes failed: 仅完成部分的 ReadProcessMemory 或 WriteProcessMemory 请求。 (0x12B)
[0223/102701:WARNING:pe_image_reader.cc(280)] could not read dos header from C:\Windows\SYSTEM32\PSAPI.DLL
[0223/102701:ERROR:process_reader_win.cc(232)] ReadMemory at 0x75a20000 of 64 bytes failed: 仅完成部分的 ReadProcessMemory 或 WriteProcessMemory 请求。 (0x12B)
[0223/102701:WARNING:pe_image_reader.cc(280)] could not read dos header from C:\Windows\SYSTEM32\NSI.dll
[0223/102701:ERROR:process_reader_win.cc(232)] ReadMemory at 0x75590000 of 64 bytes failed: 仅完成部分的 ReadProcessMemory 或 WriteProcessMemory 请求。 (0x12B)
[0223/102701:WARNING:pe_image_reader.cc(280)] could not read dos header from C:\Windows\SYSTEM32\WS2_32.dll
[0223/102701:ERROR:process_reader_win.cc(232)] ReadMemory at 0x752a0000 of 64 bytes failed: 仅完成部分的 ReadProcessMemory 或 WriteProcessMemory 请求。 (0x12B)
[0223/102701:WARNING:pe_image_reader.cc(280)] could not read dos header from C:\Windows\SYSTEM32\netutils.dll
[0223/102701:ERROR:process_reader_win.cc(232)] ReadMemory at 0x75280000 of 64 bytes failed: 仅完成部分的 ReadProcessMemory 或 WriteProcessMemory 请求。 (0x12B)
[0223/102701:WARNING:pe_image_reader.cc(280)] could not read dos header from C:\Windows\SYSTEM32\srvcli.dll
[0223/102701:ERROR:process_reader_win.cc(232)] ReadMemory at 0x75270000 of 64 bytes failed: 仅完成部分的 ReadProcessMemory 或 WriteProcessMemory 请求。 (0x12B)
[0223/102701:WARNING:pe_image_reader.cc(280)] could not read dos header from C:\Windows\SYSTEM32\wkscli.dll
[0223/102701:ERROR:process_reader_win.cc(232)] ReadMemory at 0x752d0000 of 64 bytes failed: 仅完成部分的 ReadProcessMemory 或 WriteProcessMemory 请求。 (0x12B)
[0223/102701:WARNING:pe_image_reader.cc(280)] could not read dos header from C:\Windows\SYSTEM32\NETAPI32.dll
[0223/102701:ERROR:process_reader_win.cc(232)] ReadMemory at 0x6c320000 of 64 bytes failed: 仅完成部分的 ReadProcessMemory 或 WriteProcessMemory 请求。 (0x12B)
[0223/102701:WARNING:pe_image_reader.cc(280)] could not read dos header from D:\浠\360瀹ㄥ澹\360Safe\safemon\safemon.dll
[0223/102701:ERROR:process_reader_win.cc(232)] ReadMemory at 0x751e0000 of 64 bytes failed: 仅完成部分的 ReadProcessMemory 或 WriteProcessMemory 请求。 (0x12B)
[0223/102701:WARNING:pe_image_reader.cc(280)] could not read dos header from C:\Windows\SYSTEM32\shcore.dll
[0223/102701:ERROR:process_reader_win.cc(232)] ReadMemory at 0x66090000 of 64 bytes failed: 仅完成部分的 ReadProcessMemory 或 WriteProcessMemory 请求。 (0x12B)
[0223/102701:WARNING:pe_image_reader.cc(280)] could not read dos header from D:\浠\360瀹ㄥ澹\360Safe\safemon\iNetSafe.dll
[0223/102701:ERROR:process_reader_win.cc(232)] ReadMemory at 0x718a0000 of 64 bytes failed: 仅完成部分的 ReadProcessMemory 或 WriteProcessMemory 请求。 (0x12B)
[0223/102701:WARNING:pe_image_reader.cc(280)] could not read dos header from C:\Windows\SYSTEM32\WINSPOOL.DRV
[0223/102701:ERROR:process_reader_win.cc(232)] ReadMemory at 0x72810000 of 64 bytes failed: 仅完成部分的 ReadProcessMemory 或 WriteProcessMemory 请求。 (0x12B)
[0223/102701:WARNING:pe_image_reader.cc(280)] could not read dos header from C:\Windows\WinSxS\x86_microsoft.windows.common-controls_6595b64144ccf1df_6.0.9600.17810_none_a9edf09f013934e0\COMCTL32.dll
[0223/102701:ERROR:process_reader_win.cc(232)] ReadMemory at 0x756d0000 of 64 bytes failed: 仅完成部分的 ReadProcessMemory 或 WriteProcessMemory 请求。 (0x12B)
[0223/102701:WARNING:pe_image_reader.cc(280)] could not read dos header from C:\Windows\SYSTEM32\COMDLG32.dll
[0223/102701:ERROR:process_reader_win.cc(232)] ReadMemory at 0x75260000 of 64 bytes failed: 仅完成部分的 ReadProcessMemory 或 WriteProcessMemory 请求。 (0x12B)
[0223/102701:WARNING:pe_image_reader.cc(280)] could not read dos header from C:\Windows\SYSTEM32\WINNSI.DLL
[0223/102701:ERROR:process_reader_win.cc(232)] ReadMemory at 0x752b0000 of 64 bytes failed: 仅完成部分的 ReadProcessMemory 或 WriteProcessMemory 请求。 (0x12B)
[0223/102701:WARNING:pe_image_reader.cc(280)] could not read dos header from C:\Windows\SYSTEM32\IPHLPAPI.DLL
[0223/102701:ERROR:process_reader_win.cc(232)] ReadMemory at 0x6eb80000 of 64 bytes failed: 仅完成部分的 ReadProcessMemory 或 WriteProcessMemory 请求。 (0x12B)
[0223/102701:WARNING:pe_image_reader.cc(280)] could not read dos header from C:\Windows\SYSTEM32\USP10.dll
[0223/102701:ERROR:process_reader_win.cc(232)] ReadMemory at 0x75540000 of 64 bytes failed: 仅完成部分的 ReadProcessMemory 或 WriteProcessMemory 请求。 (0x12B)
[0223/102701:WARNING:pe_image_reader.cc(280)] could not read dos header from C:\Windows\SYSTEM32\MSASN1.dll
[0223/102701:ERROR:process_reader_win.cc(232)] ReadMemory at 0x75760000 of 64 bytes failed: 仅完成部分的 ReadProcessMemory 或 WriteProcessMemory 请求。 (0x12B)
[0223/102701:WARNING:pe_image_reader.cc(280)] could not read dos header from C:\Windows\SYSTEM32\CRYPT32.dll
[0223/102701:ERROR:process_reader_win.cc(232)] ReadMemory at 0x75550000 of 64 bytes failed: 仅完成部分的 ReadProcessMemory 或 WriteProcessMemory 请求。 (0x12B)
[0223/102701:WARNING:pe_image_reader.cc(280)] could not read dos header from C:\Windows\SYSTEM32\WINTRUST.dll
[0223/102701:ERROR:process_reader_win.cc(232)] ReadMemory at 0x74e70000 of 64 bytes failed: 仅完成部分的 ReadProcessMemory 或 WriteProcessMemory 请求。 (0x12B)
[0223/102701:WARNING:pe_image_reader.cc(280)] could not read dos header from C:\Windows\SYSTEM32\Secur32.dll
[0223/102701:ERROR:process_reader_win.cc(232)] ReadMemory at 0x5fec0000 of 64 bytes failed: 仅完成部分的 ReadProcessMemory 或 WriteProcessMemory 请求。 (0x12B)
[0223/102701:WARNING:pe_image_reader.cc(280)] could not read dos header from C:\Program Files (x86)\Google\Chrome\Application\50.0.2661.87\chrome_child.dll
[0223/102701:ERROR:process_reader_win.cc(232)] ReadMemory at 0x6b960000 of 64 bytes failed: 仅完成部分的 ReadProcessMemory 或 WriteProcessMemory 请求。 (0x12B)
[0223/102701:WARNING:pe_image_reader.cc(280)] could not read dos header from C:\Windows\SYSTEM32\dwrite.dll
[0223/102701:ERROR:process_reader_win.cc(232)] ReadMemory at 0x77d51860 of 5888 bytes failed: 仅完成部分的 ReadProcessMemory 或 WriteProcessMemory 请求。 (0x12B)
[0223/102701:ERROR:process_reader_win.cc(232)] ReadMemory at 0x10000 of 64 bytes failed: 仅完成部分的 ReadProcessMemory 或 WriteProcessMemory 请求。 (0x12B)
[0223/102701:WARNING:pe_image_reader.cc(280)] could not read dos header from C:\Program Files (x86)\Google\Chrome\Application\chrome.exe
[0223/102701:ERROR:process_reader_win.cc(232)] ReadMemory at 0x77c50000 of 64 bytes failed: 仅完成部分的 ReadProcessMemory 或 WriteProcessMemory 请求。 (0x12B)
[0223/102701:WARNING:pe_image_reader.cc(280)] could not read dos header from C:\Windows\SYSTEM32\ntdll.dll
[0223/102701:ERROR:process_reader_win.cc(232)] ReadMemory at 0x755e0000 of 64 bytes failed: 仅完成部分的 ReadProcessMemory 或 WriteProcessMemory 请求。 (0x12B)
[0223/102701:WARNING:pe_image_reader.cc(280)] could not read dos header from C:\Windows\SYSTEM32\KERNELBASE.dll
[0223/102701:ERROR:process_reader_win.cc(232)] ReadMemory at 0x758e0000 of 64 bytes failed: 仅完成部分的 ReadProcessMemory 或 WriteProcessMemory 请求。 (0x12B)
[0223/102701:WARNING:pe_image_reader.cc(280)] could not read dos header from C:\Windows\SYSTEM32\KERNEL32.DLL
[0223/102701:ERROR:process_reader_win.cc(232)] ReadMemory at 0x77ac0000 of 64 bytes failed: 仅完成部分的 ReadProcessMemory 或 WriteProcessMemory 请求。 (0x12B)
[0223/102701:WARNING:pe_image_reader.cc(280)] could not read dos header from C:\Windows\SYSTEM32\msvcrt.dll
[0223/102701:ERROR:process_reader_win.cc(232)] ReadMemory at 0x75430000 of 64 bytes failed: 仅完成部分的 ReadProcessMemory 或 WriteProcessMemory 请求。 (0x12B)
[0223/102701:WARNING:pe_image_reader.cc(280)] could not read dos header from C:\Windows\SYSTEM32\bcryptPrimitives.dll
[0223/102701:ERROR:process_reader_win.cc(232)] ReadMemory at 0x75490000 of 64 bytes failed: 仅完成部分的 ReadProcessMemory 或 WriteProcessMemory 请求。 (0x12B)
[0223/102701:WARNING:pe_image_reader.cc(280)] could not read dos header from C:\Windows\SYSTEM32\CRYPTBASE.dll
[0223/102701:ERROR:process_reader_win.cc(232)] ReadMemory at 0x76110000 of 64 bytes failed: 仅完成部分的 ReadProcessMemory 或 WriteProcessMemory 请求。 (0x12B)
[0223/102701:WARNING:pe_image_reader.cc(280)] could not read dos header from C:\Windows\SYSTEM32\SspiCli.dll
[0223/102701:ERROR:process_reader_win.cc(232)] ReadMemory at 0x75bb0000 of 64 bytes failed: 仅完成部分的 ReadProcessMemory 或 WriteProcessMemory 请求。 (0x12B)
[0223/102701:WARNING:pe_image_reader.cc(280)] could not read dos header from C:\Windows\SYSTEM32\RPCRT4.dll
[0223/102701:ERROR:process_reader_win.cc(232)] ReadMemory at 0x76010000 of 64 bytes failed: 仅完成部分的 ReadProcessMemory 或 WriteProcessMemory 请求。 (0x12B)
[0223/102701:WARNING:pe_image_reader.cc(280)] could not read dos header from C:\Windows\SYSTEM32\sechost.dll
[0223/102701:ERROR:process_reader_win.cc(232)] ReadMemory at 0x754c0000 of 64 bytes failed: 仅完成部分的 ReadProcessMemory 或 WriteProcessMemory 请求。 (0x12B)
[0223/102701:WARNING:pe_image_reader.cc(280)] could not read dos header from C:\Windows\SYSTEM32\ADVAPI32.dll
[0223/102701:ERROR:process_reader_win.cc(232)] ReadMemory at 0x6e6f0000 of 64 bytes failed: 仅完成部分的 ReadProcessMemory 或 WriteProcessMemory 请求。 (0x12B)
[0223/102701:WARNING:pe_image_reader.cc(280)] could not read dos header from C:\Program Files (x86)\Google\Chrome\Application\50.0.2661.87\chrome_elf.dll
[0223/102701:ERROR:process_reader_win.cc(232)] ReadMemory at 0x75420000 of 64 bytes failed: 仅完成部分的 ReadProcessMemory 或 WriteProcessMemory 请求。 (0x12B)
[0223/102701:WARNING:pe_image_reader.cc(280)] could not read dos header from C:\Windows\SYSTEM32\VERSION.dll
[0223/102701:ERROR:process_reader_win.cc(232)] ReadMemory at 0x76160000 of 64 bytes failed: 仅完成部分的 ReadProcessMemory 或 WriteProcessMemory 请求。 (0x12B)
[0223/102701:WARNING:pe_image_reader.cc(280)] could not read dos header from C:\Windows\SYSTEM32\cfgmgr32.dll
[0223/102701:ERROR:process_reader_win.cc(232)] ReadMemory at 0x74f10000 of 64 bytes failed: 仅完成部分的 ReadProcessMemory 或 WriteProcessMemory 请求。 (0x12B)
[0223/102701:WARNING:pe_image_reader.cc(280)] could not read dos header from C:\Windows\SYSTEM32\DEVOBJ.dll
[0223/102701:ERROR:process_reader_win.cc(232)] ReadMemory at 0x74f30000 of 64 bytes failed: 仅完成部分的 ReadProcessMemory 或 WriteProcessMemory 请求。 (0x12B)
[0223/102701:WARNING:pe_image_reader.cc(280)] could not read dos header from C:\Windows\SYSTEM32\WINMMBASE.dll
[0223/102701:ERROR:process_reader_win.cc(232)] ReadMemory at 0x75e10000 of 64 bytes failed: 仅完成部分的 ReadProcessMemory 或 WriteProcessMemory 请求。 (0x12B)
[0223/102701:WARNING:pe_image_reader.cc(280)] could not read dos header from C:\Windows\SYSTEM32\GDI32.dll
[0223/102701:ERROR:process_reader_win.cc(232)] ReadMemory at 0x761a0000 of 64 bytes failed: 仅完成部分的 ReadProcessMemory 或 WriteProcessMemory 请求。 (0x12B)
[0223/102701:WARNING:pe_image_reader.cc(280)] could not read dos header from C:\Windows\SYSTEM32\USER32.dll
[0223/102701:ERROR:process_reader_win.cc(232)] ReadMemory at 0x75c70000 of 64 bytes failed: 仅完成部分的 ReadProcessMemory 或 WriteProcessMemory 请求。 (0x12B)
[0223/102701:WARNING:pe_image_reader.cc(280)] could not read dos header from C:\Windows\SYSTEM32\MSCTF.dll
[0223/102701:ERROR:process_reader_win.cc(232)] ReadMemory at 0x76130000 of 64 bytes failed: 仅完成部分的 ReadProcessMemory 或 WriteProcessMemory 请求。 (0x12B)
[0223/102701:WARNING:pe_image_reader.cc(280)] could not read dos header from C:\Windows\system32\IMM32.DLL
[0223/102701:ERROR:process_reader_win.cc(232)] ReadMemory at 0x74f50000 of 64 bytes failed: 仅完成部分的 ReadProcessMemory 或 WriteProcessMemory 请求。 (0x12B)
[0223/102701:WARNING:pe_image_reader.cc(280)] could not read dos header from C:\Windows\SYSTEM32\WINMM.dll
[0223/102701:ERROR:process_reader_win.cc(232)] ReadMemory at 0x753e0000 of 64 bytes failed: 仅完成部分的 ReadProcessMemory 或 WriteProcessMemory 请求。 (0x12B)
[0223/102701:WARNING:pe_image_reader.cc(280)] could not read dos header from C:\Windows\SYSTEM32\profapi.dll
[0223/102701:ERROR:process_reader_win.cc(232)] ReadMemory at 0x753f0000 of 64 bytes failed: 仅完成部分的 ReadProcessMemory 或 WriteProcessMemory 请求。 (0x12B)
[0223/102701:WARNING:pe_image_reader.cc(280)] could not read dos header from C:\Windows\SYSTEM32\USERENV.dll
[0223/102701:ERROR:process_reader_win.cc(232)] ReadMemory at 0x75410000 of 64 bytes failed: 仅完成部分的 ReadProcessMemory 或 WriteProcessMemory 请求。 (0x12B)
[0223/102701:WARNING:pe_image_reader.cc(280)] could not read dos header from C:\Windows\SYSTEM32\WTSAPI32.dll
[0223/102701:ERROR:process_reader_win.cc(232)] ReadMemory at 0x75a30000 of 64 bytes failed: 仅完成部分的 ReadProcessMemory 或 WriteProcessMemory 请求。 (0x12B)
[0223/102701:WARNING:pe_image_reader.cc(280)] could not read dos header from C:\Windows\SYSTEM32\combase.dll
[0223/102701:ERROR:process_reader_win.cc(232)] ReadMemory at 0x74260000 of 64 bytes failed: 仅完成部分的 ReadProcessMemory 或 WriteProcessMemory 请求。 (0x12B)
[0223/102701:WARNING:pe_image_reader.cc(280)] could not read dos header from C:\Windows\SYSTEM32\WINHTTP.dll
[0223/102701:ERROR:process_reader_win.cc(232)] ReadMemory at 0x75f30000 of 64 bytes failed: 仅完成部分的 ReadProcessMemory 或 WriteProcessMemory 请求。 (0x12B)
[0223/102701:WARNING:pe_image_reader.cc(280)] could not read dos header from C:\Windows\SYSTEM32\SHLWAPI.dll
[0223/102701:ERROR:process_reader_win.cc(232)] ReadMemory at 0x764d0000 of 64 bytes failed: 仅完成部分的 ReadProcessMemory 或 WriteProcessMemory 请求。 (0x12B)
[0223/102701:WARNING:pe_image_reader.cc(280)] could not read dos header from C:\Windows\SYSTEM32\SHELL32.dll
[0223/102701:ERROR:process_reader_win.cc(232)] ReadMemory at 0x77790000 of 64 bytes failed: 仅完成部分的 ReadProcessMemory 或 WriteProcessMemory 请求。 (0x12B)
[0223/102701:WARNING:pe_image_reader.cc(280)] could not read dos header from C:\Windows\SYSTEM32\ole32.dll
[0223/102701:ERROR:process_reader_win.cc(232)] ReadMemory at 0x76070000 of 64 bytes failed: 仅完成部分的 ReadProcessMemory 或 WriteProcessMemory 请求。 (0x12B)
[0223/102701:WARNING:pe_image_reader.cc(280)] could not read dos header from C:\Windows\SYSTEM32\OLEAUT32.dll
[0223/102701:ERROR:process_reader_win.cc(232)] ReadMemory at 0x76060000 of 64 bytes failed: 仅完成部分的 ReadProcessMemory 或 WriteProcessMemory 请求。 (0x12B)
[0223/102701:WARNING:pe_image_reader.cc(280)] could not read dos header from C:\Windows\SYSTEM32\PSAPI.DLL
[0223/102701:ERROR:process_reader_win.cc(232)] ReadMemory at 0x75a20000 of 64 bytes failed: 仅完成部分的 ReadProcessMemory 或 WriteProcessMemory 请求。 (0x12B)
[0223/102701:WARNING:pe_image_reader.cc(280)] could not read dos header from C:\Windows\SYSTEM32\NSI.dll
[0223/102701:ERROR:process_reader_win.cc(232)] ReadMemory at 0x75590000 of 64 bytes failed: 仅完成部分的 ReadProcessMemory 或 WriteProcessMemory 请求。 (0x12B)
[0223/102701:WARNING:pe_image_reader.cc(280)] could not read dos header from C:\Windows\SYSTEM32\WS2_32.dll
[0223/102701:ERROR:process_reader_win.cc(232)] ReadMemory at 0x752a0000 of 64 bytes failed: 仅完成部分的 ReadProcessMemory 或 WriteProcessMemory 请求。 (0x12B)
[0223/102701:WARNING:pe_image_reader.cc(280)] could not read dos header from C:\Windows\SYSTEM32\netutils.dll
[0223/102701:ERROR:process_reader_win.cc(232)] ReadMemory at 0x75280000 of 64 bytes failed: 仅完成部分的 ReadProcessMemory 或 WriteProcessMemory 请求。 (0x12B)
[0223/102701:WARNING:pe_image_reader.cc(280)] could not read dos header from C:\Windows\SYSTEM32\srvcli.dll
[0223/102701:ERROR:process_reader_win.cc(232)] ReadMemory at 0x75270000 of 64 bytes failed: 仅完成部分的 ReadProcessMemory 或 WriteProcessMemory 请求。 (0x12B)
[0223/102701:WARNING:pe_image_reader.cc(280)] could not read dos header from C:\Windows\SYSTEM32\wkscli.dll
[0223/102701:ERROR:process_reader_win.cc(232)] ReadMemory at 0x752d0000 of 64 bytes failed: 仅完成部分的 ReadProcessMemory 或 WriteProcessMemory 请求。 (0x12B)
[0223/102701:WARNING:pe_image_reader.cc(280)] could not read dos header from C:\Windows\SYSTEM32\NETAPI32.dll
[0223/102701:ERROR:process_reader_win.cc(232)] ReadMemory at 0x6c320000 of 64 bytes failed: 仅完成部分的 ReadProcessMemory 或 WriteProcessMemory 请求。 (0x12B)
[0223/102701:WARNING:pe_image_reader.cc(280)] could not read dos header from D:\浠\360瀹ㄥ澹\360Safe\safemon\safemon.dll
[0223/102701:ERROR:process_reader_win.cc(232)] ReadMemory at 0x751e0000 of 64 bytes failed: 仅完成部分的 ReadProcessMemory 或 WriteProcessMemory 请求。 (0x12B)
[0223/102701:WARNING:pe_image_reader.cc(280)] could not read dos header from C:\Windows\SYSTEM32\shcore.dll
[0223/102701:ERROR:process_reader_win.cc(232)] ReadMemory at 0x66090000 of 64 bytes failed: 仅完成部分的 ReadProcessMemory 或 WriteProcessMemory 请求。 (0x12B)
[0223/102701:WARNING:pe_image_reader.cc(280)] could not read dos header from D:\浠\360瀹ㄥ澹\360Safe\safemon\iNetSafe.dll
[0223/102701:ERROR:process_reader_win.cc(232)] ReadMemory at 0x718a0000 of 64 bytes failed: 仅完成部分的 ReadProcessMemory 或 WriteProcessMemory 请求。 (0x12B)
[0223/102701:WARNING:pe_image_reader.cc(280)] could not read dos header from C:\Windows\SYSTEM32\WINSPOOL.DRV
[0223/102701:ERROR:process_reader_win.cc(232)] ReadMemory at 0x72810000 of 64 bytes failed: 仅完成部分的 ReadProcessMemory 或 WriteProcessMemory 请求。 (0x12B)
[0223/102701:WARNING:pe_image_reader.cc(280)] could not read dos header from C:\Windows\WinSxS\x86_microsoft.windows.common-controls_6595b64144ccf1df_6.0.9600.17810_none_a9edf09f013934e0\COMCTL32.dll
[0223/102701:ERROR:process_reader_win.cc(232)] ReadMemory at 0x756d0000 of 64 bytes failed: 仅完成部分的 ReadProcessMemory 或 WriteProcessMemory 请求。 (0x12B)
[0223/102701:WARNING:pe_image_reader.cc(280)] could not read dos header from C:\Windows\SYSTEM32\COMDLG32.dll
[0223/102701:ERROR:process_reader_win.cc(232)] ReadMemory at 0x75260000 of 64 bytes failed: 仅完成部分的 ReadProcessMemory 或 WriteProcessMemory 请求。 (0x12B)
[0223/102701:WARNING:pe_image_reader.cc(280)] could not read dos header from C:\Windows\SYSTEM32\WINNSI.DLL
[0223/102701:ERROR:process_reader_win.cc(232)] ReadMemory at 0x752b0000 of 64 bytes failed: 仅完成部分的 ReadProcessMemory 或 WriteProcessMemory 请求。 (0x12B)
[0223/102701:WARNING:pe_image_reader.cc(280)] could not read dos header from C:\Windows\SYSTEM32\IPHLPAPI.DLL
[0223/102701:ERROR:process_reader_win.cc(232)] ReadMemory at 0x6eb80000 of 64 bytes failed: 仅完成部分的 ReadProcessMemory 或 WriteProcessMemory 请求。 (0x12B)
[0223/102701:WARNING:pe_image_reader.cc(280)] could not read dos header from C:\Windows\SYSTEM32\USP10.dll
[0223/102701:ERROR:process_reader_win.cc(232)] ReadMemory at 0x75540000 of 64 bytes failed: 仅完成部分的 ReadProcessMemory 或 WriteProcessMemory 请求。 (0x12B)
[0223/102701:WARNING:pe_image_reader.cc(280)] could not read dos header from C:\Windows\SYSTEM32\MSASN1.dll
[0223/102701:ERROR:process_reader_win.cc(232)] ReadMemory at 0x75760000 of 64 bytes failed: 仅完成部分的 ReadProcessMemory 或 WriteProcessMemory 请求。 (0x12B)
[0223/102701:WARNING:pe_image_reader.cc(280)] could not read dos header from C:\Windows\SYSTEM32\CRYPT32.dll
[0223/102701:ERROR:process_reader_win.cc(232)] ReadMemory at 0x75550000 of 64 bytes failed: 仅完成部分的 ReadProcessMemory 或 WriteProcessMemory 请求。 (0x12B)
[0223/102701:WARNING:pe_image_reader.cc(280)] could not read dos header from C:\Windows\SYSTEM32\WINTRUST.dll
[0223/102701:ERROR:process_reader_win.cc(232)] ReadMemory at 0x74e70000 of 64 bytes failed: 仅完成部分的 ReadProcessMemory 或 WriteProcessMemory 请求。 (0x12B)
[0223/102701:WARNING:pe_image_reader.cc(280)] could not read dos header from C:\Windows\SYSTEM32\Secur32.dll
[0223/102701:ERROR:process_reader_win.cc(232)] ReadMemory at 0x5fec0000 of 64 bytes failed: 仅完成部分的 ReadProcessMemory 或 WriteProcessMemory 请求。 (0x12B)
[0223/102701:WARNING:pe_image_reader.cc(280)] could not read dos header from C:\Program Files (x86)\Google\Chrome\Application\50.0.2661.87\chrome_child.dll
[0223/102701:ERROR:process_reader_win.cc(232)] ReadMemory at 0x6b960000 of 64 bytes failed: 仅完成部分的 ReadProcessMemory 或 WriteProcessMemory 请求。 (0x12B)
[0223/102701:WARNING:pe_image_reader.cc(280)] could not read dos header from C:\Windows\SYSTEM32\dwrite.dll
[0223/102701:ERROR:process_reader_win.cc(98)] process 6132 not found
[0223/102701:ERROR:process_reader_win.cc(232)] ReadMemory at 0xbd1b4 of 12 bytes failed: 仅完成部分的 ReadProcessMemory 或 WriteProcessMemory 请求。 (0x12B)
[0223/102701:WARNING:process_snapshot_win.cc(96)] ReadMemory ExceptionInformation failed
[0223/102701:WARNING:crash_report_exception_handler.cc(60)] ProcessSnapshotWin::InitializeException failed
[0223/102701:ERROR:scoped_process_suspend.cc(38)] NtResumeProcess, ntstatus=-1073741558
[0223/192528:ERROR:file_io.cc(41)] write: 管道正在被关闭。 (0xE8)
